  imgui.cpp
  imgui_demo.cpp
  imgui_draw.cpp
  imgui_impl_glfw_gl3.cpp
  camera.cpp
  indexBuffer.cpp
  object.cpp
  shader.cpp
  shapes.cpp
C:\Users\Yohan\source\repos\SheepGraphicEngine\OpenGL\shapes.cpp(42,25): warning C4244: 'initializing': conversion from 'int' to 'float', possible loss of data
C:\Users\Yohan\source\repos\SheepGraphicEngine\OpenGL\shapes.cpp(42,21): warning C4244: 'initializing': conversion from 'int' to 'const float', possible loss of data
C:\Users\Yohan\source\repos\SheepGraphicEngine\OpenGL\shapes.cpp(43,25): warning C4244: 'initializing': conversion from 'int' to 'float', possible loss of data
C:\Users\Yohan\source\repos\SheepGraphicEngine\OpenGL\shapes.cpp(43,21): warning C4244: 'initializing': conversion from 'int' to 'const float', possible loss of data
C:\Users\Yohan\source\repos\SheepGraphicEngine\OpenGL\shapes.cpp(44,25): warning C4244: 'initializing': conversion from 'int' to 'float', possible loss of data
C:\Users\Yohan\source\repos\SheepGraphicEngine\OpenGL\shapes.cpp(44,21): warning C4244: 'initializing': conversion from 'int' to 'const float', possible loss of data
C:\Users\Yohan\source\repos\SheepGraphicEngine\OpenGL\shapes.cpp(45,25): warning C4244: 'initializing': conversion from 'int' to 'float', possible loss of data
C:\Users\Yohan\source\repos\SheepGraphicEngine\OpenGL\shapes.cpp(45,21): warning C4244: 'initializing': conversion from 'int' to 'const float', possible loss of data
  Source.cpp
C:\Users\Yohan\source\repos\SheepGraphicEngine\OpenGL\Source.cpp(58,38): warning C4244: 'argument': conversion from 'const float' to 'int', possible loss of data
C:\Users\Yohan\source\repos\SheepGraphicEngine\OpenGL\Source.cpp(58,31): warning C4244: 'argument': conversion from 'const float' to 'int', possible loss of data
C:\Users\Yohan\source\repos\SheepGraphicEngine\OpenGL\Source.cpp(279,46): warning C4244: 'argument': conversion from 'double' to 'float', possible loss of data
C:\Users\Yohan\source\repos\SheepGraphicEngine\OpenGL\Source.cpp(279,40): warning C4244: 'argument': conversion from 'double' to 'float', possible loss of data
  stb_image.cpp
  texture.cpp
  vertexArray.cpp
  vertexBuffer.cpp
C:\Users\Yohan\source\repos\SheepGraphicEngine\OpenGL\vertexBuffer.cpp(28,86): warning C4312: 'type cast': conversion from 'int' to 'GLvoid *' of greater size
  Generating Code...
glew32s.lib(glew.obj) : warning LNK4099: PDB 'vc120.pdb' was not found with 'glew32s.lib(glew.obj)' or at 'C:\Users\Yohan\source\repos\SheepGraphicEngine\x64\Debug\vc120.pdb'; linking object as if no debug info
LINK : warning LNK4098: defaultlib 'MSVCRT' conflicts with use of other libs; use /NODEFAULTLIB:library
LINK : warning LNK4098: defaultlib 'LIBCMT' conflicts with use of other libs; use /NODEFAULTLIB:library
  OpenGL.vcxproj -> C:\Users\Yohan\source\repos\SheepGraphicEngine\x64\Debug\OpenGL.exe
